[Wed Sep 13 20:48:10.889586 2023] [ssl:warn] [pid 28492:tid 368] AH01909: www.example.com:443:0 server certificate does NOT include an ID which matches the server name
[Wed Sep 13 20:48:10.924494 2023] [ssl:warn] [pid 28492:tid 368] AH01909: www.example.com:443:0 server certificate does NOT include an ID which matches the server name
[Wed Sep 13 20:48:10.945967 2023] [mpm_winnt:notice] [pid 28492:tid 368] AH00455: Apache/2.4.56 (Win64) OpenSSL/1.1.1t PHP/8.0.28 configured -- resuming normal operations
[Wed Sep 13 20:48:10.945967 2023] [mpm_winnt:notice] [pid 28492:tid 368] AH00456: Apache Lounge VS16 Server built: Mar  7 2023 13:21:03
[Wed Sep 13 20:48:10.945967 2023] [core:notice] [pid 28492:tid 368] AH00094: Command line: 'c:\\xampp5\\apache\\bin\\httpd.exe -d C:/xampp5/apache'
[Wed Sep 13 20:48:10.952331 2023] [mpm_winnt:notice] [pid 28492:tid 368] AH00418: Parent: Created child process 10468
[Wed Sep 13 20:48:11.232847 2023] [ssl:warn] [pid 10468:tid 368] AH01909: www.example.com:443:0 server certificate does NOT include an ID which matches the server name
[Wed Sep 13 20:48:11.263850 2023] [ssl:warn] [pid 10468:tid 368] AH01909: www.example.com:443:0 server certificate does NOT include an ID which matches the server name
[Wed Sep 13 20:48:11.281315 2023] [mpm_winnt:notice] [pid 10468:tid 368] AH00354: Child: Starting 150 worker threads.
[Wed Sep 27 12:21:24.353044 2023] [ssl:warn] [pid 45560:tid 344] AH01909: www.example.com:443:0 server certificate does NOT include an ID which matches the server name
[Wed Sep 27 12:21:24.384800 2023] [core:warn] [pid 45560:tid 344] AH00098: pid file C:/xampp5/apache/logs/httpd.pid overwritten -- Unclean shutdown of previous Apache run?
[Wed Sep 27 12:21:24.386799 2023] [ssl:warn] [pid 45560:tid 344] AH01909: www.example.com:443:0 server certificate does NOT include an ID which matches the server name
[Wed Sep 27 12:21:24.595216 2023] [mpm_winnt:notice] [pid 45560:tid 344] AH00455: Apache/2.4.56 (Win64) OpenSSL/1.1.1t PHP/8.0.28 configured -- resuming normal operations
[Wed Sep 27 12:21:24.595216 2023] [mpm_winnt:notice] [pid 45560:tid 344] AH00456: Apache Lounge VS16 Server built: Mar  7 2023 13:21:03
[Wed Sep 27 12:21:24.596215 2023] [core:notice] [pid 45560:tid 344] AH00094: Command line: 'c:\\xampp5\\apache\\bin\\httpd.exe -d C:/xampp5/apache'
[Wed Sep 27 12:21:24.601066 2023] [mpm_winnt:notice] [pid 45560:tid 344] AH00418: Parent: Created child process 41376
[Wed Sep 27 12:21:24.795536 2023] [ssl:warn] [pid 41376:tid 356] AH01909: www.example.com:443:0 server certificate does NOT include an ID which matches the server name
[Wed Sep 27 12:21:24.824915 2023] [ssl:warn] [pid 41376:tid 356] AH01909: www.example.com:443:0 server certificate does NOT include an ID which matches the server name
[Wed Sep 27 12:21:24.841859 2023] [mpm_winnt:notice] [pid 41376:tid 356] AH00354: Child: Starting 150 worker threads.

yes correct it is unique3
